This is pdfTeX, Version 3.141592653-2.6-1.40.24 (MiKTeX 23.1) (preloaded format=pdflatex 2023.3.21)  14 JUN 2023 23:27
entering extended mode
 restricted \write18 enabled.
 file:line:error style messages enabled.
 %&-line parsing enabled.
**"c:/Users/rnjsa/Desktop/PNU/PusanNU/CB1501013/Internet and Web Foundation/project/report/최종보고서/extrareport.tex"
(c:/Users/rnjsa/Desktop/PNU/PusanNU/CB1501013/Internet and Web Foundation/project/report/최종보고서/extrareport.tex
LaTeX2e <2022-11-01> patch level 1
L3 programming layer <2023-02-22> (C:\Users\rnjsa\AppData\Local\Programs\MiKTeX\tex/latex/base\article.cls
Document Class: article 2022/07/02 v1.4n Standard LaTeX document class
(C:\Users\rnjsa\AppData\Local\Programs\MiKTeX\tex/latex/base\size10.clo
File: size10.clo 2022/07/02 v1.4n Standard LaTeX file (size option)
)
\c@part=\count185
\c@section=\count186
\c@subsection=\count187
\c@subsubsection=\count188
\c@paragraph=\count189
\c@subparagraph=\count190
\c@figure=\count191
\c@table=\count192
\abovecaptionskip=\skip48
\belowcaptionskip=\skip49
\bibindent=\dimen140
) (C:\Users\rnjsa\AppData\Local\Programs\MiKTeX\tex/latex/cjk-ko\kotex.sty
Package: kotex 2015/04/19 v1.6 Korean TeX (ko.TeX)
 (C:\Users\rnjsa\AppData\Local\Programs\MiKTeX\tex/latex/kotex-utf\kotex.cfg) (C:\Users\rnjsa\AppData\Local\Programs\MiKTeX\tex/latex/kotex-utf\kotexutf.sty
Package: kotexutf 2022/06/22 v3.0.0 typesetting UTF-8 Korean documents
 (C:\Users\rnjsa\AppData\Local\Programs\MiKTeX\tex/latex/base\inputenc.sty
Package: inputenc 2021/02/14 v1.3d Input encoding file
\inpenc@prehook=\toks16
\inpenc@posthook=\toks17
) (C:\Users\rnjsa\AppData\Local\Programs\MiKTeX\tex/plain/kotex-plain\kotexutf-core.tex
\unih@ngulpoint=\count193
\dhucs@emph@raise=\dimen141
)
Now handling font encoding LUC ...
... processing UTF-8 mapping file for font encoding LUC
 (C:\Users\rnjsa\AppData\Local\Programs\MiKTeX\tex/latex/kotex-utf\lucenc.dfu
File: lucenc.dfu 2007/09/05 UTF-8 support for dhucs
   defining Unicode char U+00B7 (decimal 183)
   defining Unicode char U+2018 (decimal 8216)
   defining Unicode char U+2019 (decimal 8217)
   defining Unicode char U+201C (decimal 8220)
   defining Unicode char U+201D (decimal 8221)
   defining Unicode char U+3001 (decimal 12289)
   defining Unicode char U+3002 (decimal 12290)
   defining Unicode char U+3008 (decimal 12296)
   defining Unicode char U+3009 (decimal 12297)
   defining Unicode char U+300A (decimal 12298)
   defining Unicode char U+300B (decimal 12299)
   defining Unicode char U+300C (decimal 12300)
   defining Unicode char U+300D (decimal 12301)
   defining Unicode char U+300E (decimal 12302)
   defining Unicode char U+300F (decimal 12303)
   defining Unicode char U+3010 (decimal 12304)
   defining Unicode char U+3011 (decimal 12305)
   defining Unicode char U+3014 (decimal 12308)
   defining Unicode char U+3015 (decimal 12309)
   defining Unicode char U+3016 (decimal 12310)
   defining Unicode char U+3017 (decimal 12311)
   defining Unicode char U+3018 (decimal 12312)
   defining Unicode char U+3019 (decimal 12313)
   defining Unicode char U+301A (decimal 12314)
   defining Unicode char U+301B (decimal 12315)
   defining Unicode char U+FF01 (decimal 65281)
   defining Unicode char U+FF08 (decimal 65288)
   defining Unicode char U+FF09 (decimal 65289)
   defining Unicode char U+FF0C (decimal 65292)
   defining Unicode char U+FF0E (decimal 65294)
   defining Unicode char U+FF1A (decimal 65306)
   defining Unicode char U+FF1B (decimal 65307)
   defining Unicode char U+FF1C (decimal 65308)
   defining Unicode char U+FF1D (decimal 65309)
   defining Unicode char U+FF1E (decimal 65310)
   defining Unicode char U+FF1F (decimal 65311)
   defining Unicode char U+FF3B (decimal 65339)
   defining Unicode char U+FF3D (decimal 65341)
   defining Unicode char U+FF5B (decimal 65371)
   defining Unicode char U+FF5D (decimal 65373)
   defining Unicode char U+FF61 (decimal 65377)
   defining Unicode char U+FF62 (decimal 65378)
   defining Unicode char U+FF63 (decimal 65379)
   defining Unicode char U+FF64 (decimal 65380)
   defining Unicode char U+FF65 (decimal 65381)
)
\@josa=\count194
\josatoks=\toks18
 (C:\Users\rnjsa\AppData\Local\Programs\MiKTeX\tex/latex/cjk-ko\kolabels-utf.sty
Package: kolabels-utf 2015/03/20 v1.5 UTF-8 Hangul item labels
) (C:\Users\rnjsa\AppData\Local\Programs\MiKTeX\tex/latex/kotex-utf\kosections-utf.sty
File: kosections-utf 2022/06/20 hangul option to kotex/utf
   defining Unicode char U+00BC (decimal 188)
   defining Unicode char U+00BD (decimal 189)
   defining Unicode char U+00BE (decimal 190)
   defining Unicode char U+02D0 (decimal 720)
   defining Unicode char U+2025 (decimal 8229)
   defining Unicode char U+2015 (decimal 8213)
   defining Unicode char U+2312 (decimal 8978)
   defining Unicode char U+203B (decimal 8251)
 (C:\Users\rnjsa\AppData\Local\Programs\MiKTeX\tex/latex/cjk-ko\konames-utf.sty
Package: konames-utf 2015/07/06 v1.7 UTF-8 Hangul captions
)
\raisedotdim=\dimen142
\dhucs@emph@width=\dimen143
\useremphraisedim=\dimen144
))) (C:\Users\rnjsa\AppData\Local\Programs\MiKTeX\tex/latex/hyperref\hyperref.sty
Package: hyperref 2023-02-07 v7.00v Hypertext links for LaTeX
 (C:\Users\rnjsa\AppData\Local\Programs\MiKTeX\tex/generic/ltxcmds\ltxcmds.sty
Package: ltxcmds 2020-05-10 v1.25 LaTeX kernel commands for general use (HO)
) (C:\Users\rnjsa\AppData\Local\Programs\MiKTeX\tex/generic/iftex\iftex.sty
Package: iftex 2022/02/03 v1.0f TeX engine tests
) (C:\Users\rnjsa\AppData\Local\Programs\MiKTeX\tex/generic/pdftexcmds\pdftexcmds.sty
Package: pdftexcmds 2020-06-27 v0.33 Utility functions of pdfTeX for LuaTeX (HO)
 (C:\Users\rnjsa\AppData\Local\Programs\MiKTeX\tex/generic/infwarerr\infwarerr.sty
Package: infwarerr 2019/12/03 v1.5 Providing info/warning/error messages (HO)
)
Package pdftexcmds Info: \pdf@primitive is available.
Package pdftexcmds Info: \pdf@ifprimitive is available.
Package pdftexcmds Info: \pdfdraftmode found.
) (C:\Users\rnjsa\AppData\Local\Programs\MiKTeX\tex/latex/graphics\keyval.sty
Package: keyval 2022/05/29 v1.15 key=value parser (DPC)
\KV@toks@=\toks19
) (C:\Users\rnjsa\AppData\Local\Programs\MiKTeX\tex/latex/kvsetkeys\kvsetkeys.sty
Package: kvsetkeys 2022-10-05 v1.19 Key value parser (HO)
) (C:\Users\rnjsa\AppData\Local\Programs\MiKTeX\tex/generic/kvdefinekeys\kvdefinekeys.sty
Package: kvdefinekeys 2019-12-19 v1.6 Define keys (HO)
) (C:\Users\rnjsa\AppData\Local\Programs\MiKTeX\tex/generic/pdfescape\pdfescape.sty
Package: pdfescape 2019/12/09 v1.15 Implements pdfTeX's escape features (HO)
) (C:\Users\rnjsa\AppData\Local\Programs\MiKTeX\tex/latex/hycolor\hycolor.sty
Package: hycolor 2020-01-27 v1.10 Color options for hyperref/bookmark (HO)
) (C:\Users\rnjsa\AppData\Local\Programs\MiKTeX\tex/latex/letltxmacro\letltxmacro.sty
Package: letltxmacro 2019/12/03 v1.6 Let assignment for LaTeX macros (HO)
) (C:\Users\rnjsa\AppData\Local\Programs\MiKTeX\tex/latex/auxhook\auxhook.sty
Package: auxhook 2019-12-17 v1.6 Hooks for auxiliary files (HO)
) (C:\Users\rnjsa\AppData\Local\Programs\MiKTeX\tex/latex/hyperref\nameref.sty
Package: nameref 2022-05-17 v2.50 Cross-referencing by name of section
 (C:\Users\rnjsa\AppData\Local\Programs\MiKTeX\tex/latex/refcount\refcount.sty
Package: refcount 2019/12/15 v3.6 Data extraction from label references (HO)
) (C:\Users\rnjsa\AppData\Local\Programs\MiKTeX\tex/generic/gettitlestring\gettitlestring.sty
Package: gettitlestring 2019/12/15 v1.6 Cleanup title references (HO)
 (C:\Users\rnjsa\AppData\Local\Programs\MiKTeX\tex/latex/kvoptions\kvoptions.sty
Package: kvoptions 2022-06-15 v3.15 Key value format for package options (HO)
))
\c@section@level=\count195
)
\@linkdim=\dimen145
\Hy@linkcounter=\count196
\Hy@pagecounter=\count197
 (C:\Users\rnjsa\AppData\Local\Programs\MiKTeX\tex/latex/hyperref\pd1enc.def
File: pd1enc.def 2023-02-07 v7.00v Hyperref: PDFDocEncoding definition (HO)
Now handling font encoding PD1 ...
... no UTF-8 mapping file for font encoding PD1
) (C:\Users\rnjsa\AppData\Local\Programs\MiKTeX\tex/generic/intcalc\intcalc.sty
Package: intcalc 2019/12/15 v1.3 Expandable calculations with integers (HO)
) (C:\Users\rnjsa\AppData\Local\Programs\MiKTeX\tex/generic/etexcmds\etexcmds.sty
Package: etexcmds 2019/12/15 v1.7 Avoid name clashes with e-TeX commands (HO)
)
\Hy@SavedSpaceFactor=\count198
 (C:\Users\rnjsa\AppData\Local\Programs\MiKTeX\tex/latex/hyperref\puenc.def
File: puenc.def 2023-02-07 v7.00v Hyperref: PDF Unicode definition (HO)
Now handling font encoding PU ...
... no UTF-8 mapping file for font encoding PU
)
Package hyperref Info: Hyper figures OFF on input line 4177.
Package hyperref Info: Link nesting OFF on input line 4182.
Package hyperref Info: Hyper index ON on input line 4185.
Package hyperref Info: Plain pages OFF on input line 4192.
Package hyperref Info: Backreferencing OFF on input line 4197.
Package hyperref Info: Implicit mode ON; LaTeX internals redefined.
Package hyperref Info: Bookmarks ON on input line 4425.
\c@Hy@tempcnt=\count199
 (C:\Users\rnjsa\AppData\Local\Programs\MiKTeX\tex/latex/url\url.sty
\Urlmuskip=\muskip16
Package: url 2013/09/16  ver 3.4  Verb mode for urls, etc.
)
LaTeX Info: Redefining \url on input line 4763.
\XeTeXLinkMargin=\dimen146
 (C:\Users\rnjsa\AppData\Local\Programs\MiKTeX\tex/generic/bitset\bitset.sty
Package: bitset 2019/12/09 v1.3 Handle bit-vector datatype (HO)
 (C:\Users\rnjsa\AppData\Local\Programs\MiKTeX\tex/generic/bigintcalc\bigintcalc.sty
Package: bigintcalc 2019/12/15 v1.5 Expandable calculations on big integers (HO)
))
\Fld@menulength=\count266
\Field@Width=\dimen147
\Fld@charsize=\dimen148
Package hyperref Info: Hyper figures OFF on input line 6042.
Package hyperref Info: Link nesting OFF on input line 6047.
Package hyperref Info: Hyper index ON on input line 6050.
Package hyperref Info: backreferencing OFF on input line 6057.
Package hyperref Info: Link coloring OFF on input line 6062.
Package hyperref Info: Link coloring with OCG OFF on input line 6067.
Package hyperref Info: PDF/A mode OFF on input line 6072.
 (C:\Users\rnjsa\AppData\Local\Programs\MiKTeX\tex/latex/base\atbegshi-ltx.sty
Package: atbegshi-ltx 2021/01/10 v1.0c Emulation of the original atbegshi
package with kernel methods
)
\Hy@abspage=\count267
\c@Item=\count268
\c@Hfootnote=\count269
)
Package hyperref Info: Driver (autodetected): hpdftex.
 (C:\Users\rnjsa\AppData\Local\Programs\MiKTeX\tex/latex/hyperref\hpdftex.def
File: hpdftex.def 2023-02-07 v7.00v Hyperref driver for pdfTeX
 (C:\Users\rnjsa\AppData\Local\Programs\MiKTeX\tex/latex/base\atveryend-ltx.sty
Package: atveryend-ltx 2020/08/19 v1.0a Emulation of the original atveryend package
with kernel methods
)
\Fld@listcount=\count270
\c@bookmark@seq@number=\count271
 (C:\Users\rnjsa\AppData\Local\Programs\MiKTeX\tex/latex/rerunfilecheck\rerunfilecheck.sty
Package: rerunfilecheck 2022-07-10 v1.10 Rerun checks for auxiliary files (HO)
 (C:\Users\rnjsa\AppData\Local\Programs\MiKTeX\tex/generic/uniquecounter\uniquecounter.sty
Package: uniquecounter 2019/12/15 v1.4 Provide unlimited unique counter (HO)
)
Package uniquecounter Info: New unique counter `rerunfilecheck' on input line 285.
)
\Hy@SectionHShift=\skip50
) (C:\Users\rnjsa\AppData\Local\Programs\MiKTeX\tex/latex/tools\verbatim.sty
Package: verbatim 2022-07-02 v1.5u LaTeX2e package for verbatim enhancements
\every@verbatim=\toks20
\verbatim@line=\toks21
\verbatim@in@stream=\read2
)
Package hyperref Info: Option `colorlinks' set `true' on input line 11.
 (C:\Users\rnjsa\AppData\Local\Programs\MiKTeX\tex/latex/l3backend\l3backend-pdftex.def
File: l3backend-pdftex.def 2023-01-16 L3 backend support: PDF output (pdfTeX)
\l__color_backend_stack_int=\count272
\l__pdf_internal_box=\box51
) (extrareport.aux)
\openout1 = `extrareport.aux'.

LaTeX Font Info:    Checking defaults for OML/cmm/m/it on input line 19.
LaTeX Font Info:    ... okay on input line 19.
LaTeX Font Info:    Checking defaults for OMS/cmsy/m/n on input line 19.
LaTeX Font Info:    ... okay on input line 19.
LaTeX Font Info:    Checking defaults for OT1/cmr/m/n on input line 19.
LaTeX Font Info:    ... okay on input line 19.
LaTeX Font Info:    Checking defaults for T1/cmr/m/n on input line 19.
LaTeX Font Info:    ... okay on input line 19.
LaTeX Font Info:    Checking defaults for TS1/cmr/m/n on input line 19.
LaTeX Font Info:    ... okay on input line 19.
LaTeX Font Info:    Checking defaults for OMX/cmex/m/n on input line 19.
LaTeX Font Info:    ... okay on input line 19.
LaTeX Font Info:    Checking defaults for U/cmr/m/n on input line 19.
LaTeX Font Info:    ... okay on input line 19.
LaTeX Font Info:    Checking defaults for LUC/nanummj/m/n on input line 19.
LaTeX Font Info:    Trying to load font information for LUC+nanummj on input line 19.
 (C:\Users\rnjsa\AppData\Local\Programs\MiKTeX\tex/latex/nanumtype1\lucnanummj.fd
File: lucnanummj.fd 2013/02/12 v0.1 Nanum Myeongjo font definitions
)
LaTeX Font Info:    ... okay on input line 19.
LaTeX Font Info:    Checking defaults for PD1/pdf/m/n on input line 19.
LaTeX Font Info:    ... okay on input line 19.
LaTeX Font Info:    Checking defaults for PU/pdf/m/n on input line 19.
LaTeX Font Info:    ... okay on input line 19.
 (C:\Users\rnjsa\AppData\Local\Programs\MiKTeX\tex/latex/graphics\color.sty
Package: color 2022/01/06 v1.3d Standard LaTeX Color (DPC)
 (C:\Users\rnjsa\AppData\Local\Programs\MiKTeX\tex/latex/graphics-cfg\color.cfg
File: color.cfg 2016/01/02 v1.6 sample color configuration
)
Package color Info: Driver file: pdftex.def on input line 149.
 (C:\Users\rnjsa\AppData\Local\Programs\MiKTeX\tex/latex/graphics-def\pdftex.def
File: pdftex.def 2022/09/22 v1.2b Graphics/color driver for pdftex
 (C:\Users\rnjsa\AppData\Local\Programs\MiKTeX\tex/context/base/mkii\supp-pdf.mkii
[Loading MPS to PDF converter (version 2006.09.02).]
\scratchcounter=\count273
\scratchdimen=\dimen149
\scratchbox=\box52
\nofMPsegments=\count274
\nofMParguments=\count275
\everyMPshowfont=\toks22
\MPscratchCnt=\count276
\MPscratchDim=\dimen150
\MPnumerator=\count277
\makeMPintoPDFobject=\count278
\everyMPtoPDFconversion=\toks23
)) (C:\Users\rnjsa\AppData\Local\Programs\MiKTeX\tex/latex/graphics\mathcolor.ltx))
Package hyperref Info: Link coloring ON on input line 19.
 (extrareport.out) (extrareport.out)
\@outlinefile=\write3
\openout3 = `extrareport.out'.

LaTeX Font Info:    External font `cmex10' loaded for size
(Font)              <12> on input line 21.
LaTeX Font Info:    External font `cmex10' loaded for size
(Font)              <8> on input line 21.
LaTeX Font Info:    External font `cmex10' loaded for size
(Font)              <6> on input line 21.
 [1

{C:/Users/rnjsa/AppData/Local/MiKTeX/fonts/map/pdftex/pdftex.map}]
Underfull \hbox (badness 10000) in paragraph at lines 31--35

 []


pdfTeX warning (ext4): destination with the same identifier (name{page.1}) has been already used, duplicate ignored
<to be read again> 
                   \relax 
l.60 ...  <option value="youtube">YouTube</option>
                                                   [1] [2] [3] [4] [5]
LaTeX Font Info:    External font `cmex10' loaded for size
(Font)              <7> on input line 257.
LaTeX Font Info:    External font `cmex10' loaded for size
(Font)              <5> on input line 257.
LaTeX Font Info:    Trying to load font information for LUC+uhcmj on input line 259.
 (C:\Users\rnjsa\AppData\Local\Programs\MiKTeX\tex/latex/kotex-utf\lucuhcmj.fd
File: lucuhcmj.fd 2013/09/26 UHC Myeongjo font definitions
) [6]
Overfull \hbox (52.74678pt too wide) in paragraph at lines 272--272
 []    \OT1/cmtt/m/n/10 let youtubeEmbed = document.getElementById("YouTube video player");[] 
 []

[7]
Overfull \hbox (15.9971pt too wide) in paragraph at lines 299--299
 []    \OT1/cmtt/m/n/10 res.sendFile(__dirname + "/public/styles/youtubeEmbed.css");[] 
 []

[8] (extrareport.aux)
Package rerunfilecheck Info: File `extrareport.out' has not changed.
(rerunfilecheck)             Checksum: C81C9B1B7A7FE84516C8724FF8F1E761;585.
 ) 
Here is how much of TeX's memory you used:
 8654 strings out of 476334
 141788 string characters out of 5787971
 1859382 words of memory out of 5000000
 28862 multiletter control sequences out of 15000+600000
 552207 words of font info for 163 fonts, out of 8000000 for 9000
 1141 hyphenation exceptions out of 8191
 75i,7n,76p,416b,715s stack positions out of 10000i,1000n,20000p,200000b,200000s
<C:/Users/rnjsa/AppData/Local/Programs/MiKTeX/fonts/type1/public/amsfonts/cm/cmbx10.pfb><C:/Users/rnjsa/AppData/Local/Programs/MiKTeX/fonts/type1/public/amsfonts/cm/cmbx12.pfb><C:/Users/rnjsa/AppData/Local/Programs/MiKTeX/fonts/type1/public/amsfonts/cm/cmr10.pfb><C:/Users/rnjsa/AppData/Local/Programs/MiKTeX/fonts/type1/public/amsfonts/cm/cmr12.pfb><C:/Users/rnjsa/AppData/Local/Programs/MiKTeX/fonts/type1/public/amsfonts/cm/cmsl10.pfb><C:/Users/rnjsa/AppData/Local/Programs/MiKTeX/fonts/type1/public/amsfonts/cm/cmsy10.pfb><C:/Users/rnjsa/AppData/Local/Programs/MiKTeX/fonts/type1/public/amsfonts/cm/cmtt10.pfb><C:/Users/rnjsa/AppData/Local/Programs/MiKTeX/fonts/type1/public/nanumtype1/nanummjbac.pfb><C:/Users/rnjsa/AppData/Local/Programs/MiKTeX/fonts/type1/public/nanumtype1/nanummjbad.pfb><C:/Users/rnjsa/AppData/Local/Programs/MiKTeX/fonts/type1/public/nanumtype1/nanummjbae.pfb><C:/Users/rnjsa/AppData/Local/Programs/MiKTeX/fonts/type1/public/nanumtype1/nanummjbb0.pfb><C:/Users/rnjsa/AppData/Local/Programs/MiKTeX/fonts/type1/public/nanumtype1/nanummjbb2.pfb><C:/Users/rnjsa/AppData/Local/Programs/MiKTeX/fonts/type1/public/nanumtype1/nanummjbb3.pfb><C:/Users/rnjsa/AppData/Local/Programs/MiKTeX/fonts/type1/public/nanumtype1/nanummjbb4.pfb><C:/Users/rnjsa/AppData/Local/Programs/MiKTeX/fonts/type1/public/nanumtype1/nanummjbb6.pfb><C:/Users/rnjsa/AppData/Local/Programs/MiKTeX/fonts/type1/public/nanumtype1/nanummjbb7.pfb><C:/Users/rnjsa/AppData/Local/Programs/MiKTeX/fonts/type1/public/nanumtype1/nanummjbb8.pfb><C:/Users/rnjsa/AppData/Local/Programs/MiKTeX/fonts/type1/public/nanumtype1/nanummjbb9.pfb><C:/Users/rnjsa/AppData/Local/Programs/MiKTeX/fonts/type1/public/nanumtype1/nanummjbba.pfb><C:/Users/rnjsa/AppData/Local/Programs/MiKTeX/fonts/type1/public/nanumtype1/nanummjbbc.pfb><C:/Users/rnjsa/AppData/Local/Programs/MiKTeX/fonts/type1/public/nanumtype1/nanummjbc0.pfb><C:/Users/rnjsa/AppData/Local/Programs/MiKTeX/fonts/type1/public/nanumtype1/nanummjbc1.pfb><C:/Users/rnjsa/AppData/Local/Programs/MiKTeX/fonts/type1/public/nanumtype1/nanummjbc2.pfb><C:/Users/rnjsa/AppData/Local/Programs/MiKTeX/fonts/type1/public/nanumtype1/nanummjbc5.pfb><C:/Users/rnjsa/AppData/Local/Programs/MiKTeX/fonts/type1/public/nanumtype1/nanummjbc6.pfb><C:/Users/rnjsa/AppData/Local/Programs/MiKTeX/fonts/type1/public/nanumtype1/nanummjbc7.pfb><C:/Users/rnjsa/AppData/Local/Programs/MiKTeX/fonts/type1/public/nanumtype1/nanummjbc8.pfb><C:/Users/rnjsa/AppData/Local/Programs/MiKTeX/fonts/type1/public/nanumtype1/nanummjbc9.pfb><C:/Users/rnjsa/AppData/Local/Programs/MiKTeX/fonts/type1/public/nanumtype1/nanummjbcc.pfb><C:/Users/rnjsa/AppData/Local/Programs/MiKTeX/fonts/type1/public/nanumtype1/nanummjbcd.pfb><C:/Users/rnjsa/AppData/Local/Programs/MiKTeX/fonts/type1/public/nanumtype1/nanummjbce.pfb><C:/Users/rnjsa/AppData/Local/Programs/MiKTeX/fonts/type1/public/nanumtype1/nanummjbd0.pfb><C:/Users/rnjsa/AppData/Local/Programs/MiKTeX/fonts/type1/public/nanumtype1/nanummjbd2.pfb><C:/Users/rnjsa/AppData/Local/Programs/MiKTeX/fonts/type1/public/nanumtype1/nanummjbd4.pfb><C:/Users/rnjsa/AppData/Local/Programs/MiKTeX/fonts/type1/public/nanumtype1/nanummjbd5.pfb><C:/Users/rnjsa/AppData/Local/Programs/MiKTeX/fonts/type1/public/nanumtype1/nanummjbd6.pfb><C:/Users/rnjsa/AppData/Local/Programs/MiKTeX/fonts/type1/public/nanumtype1/nanummjmac.pfb><C:/Users/rnjsa/AppData/Local/Programs/MiKTeX/fonts/type1/public/nanumtype1/nanummjmac.pfb><C:/Users/rnjsa/AppData/Local/Programs/MiKTeX/fonts/type1/public/nanumtype1/nanummjmad.pfb><C:/Users/rnjsa/AppData/Local/Programs/MiKTeX/fonts/type1/public/nanumtype1/nanummjmae.pfb><C:/Users/rnjsa/AppData/Local/Programs/MiKTeX/fonts/type1/public/nanumtype1/nanummjmb0.pfb><C:/Users/rnjsa/AppData/Local/Programs/MiKTeX/fonts/type1/public/nanumtype1/nanummjmb0.pfb><C:/Users/rnjsa/AppData/Local/Programs/MiKTeX/fonts/type1/public/nanumtype1/nanummjmb1.pfb><C:/Users/rnjsa/AppData/Local/Programs/MiKTeX/fonts/type1/public/nanumtype1/nanummjmb2.pfb><C:/Users/rnjsa/AppData/Local/Programs/MiKTeX/fonts/type1/public/nanumtype1/nanummjmb3.pfb><C:/Users/rnjsa/AppData/Local/Programs/MiKTeX/fonts/type1/public/nanumtype1/nanummjmb4.pfb><C:/Users/rnjsa/AppData/Local/Programs/MiKTeX/fonts/type1/public/nanumtype1/nanummjmb5.pfb><C:/Users/rnjsa/AppData/Local/Programs/MiKTeX/fonts/type1/public/nanumtype1/nanummjmb7.pfb><C:/Users/rnjsa/AppData/Local/Programs/MiKTeX/fonts/type1/public/nanumtype1/nanummjmb8.pfb><C:/Users/rnjsa/AppData/Local/Programs/MiKTeX/fonts/type1/public/nanumtype1/nanummjmb9.pfb><C:/Users/rnjsa/AppData/Local/Programs/MiKTeX/fonts/type1/public/nanumtype1/nanummjmb9.pfb><C:/Users/rnjsa/AppData/Local/Programs/MiKTeX/fonts/type1/public/nanumtype1/nanummjmba.pfb><C:/Users/rnjsa/AppData/Local/Programs/MiKTeX/fonts/type1/public/nanumtype1/nanummjmba.pfb><C:/Users/rnjsa/AppData/Local/Programs/MiKTeX/fonts/type1/public/nanumtype1/nanummjmbb.pfb><C:/Users/rnjsa/AppData/Local/Programs/MiKTeX/fonts/type1/public/nanumtype1/nanummjmbc.pfb><C:/Users/rnjsa/AppData/Local/Programs/MiKTeX/fonts/type1/public/nanumtype1/nanummjmbc.pfb><C:/Users/rnjsa/AppData/Local/Programs/MiKTeX/fonts/type1/public/nanumtype1/nanummjmbe.pfb><C:/Users/rnjsa/AppData/Local/Programs/MiKTeX/fonts/type1/public/nanumtype1/nanummjmc0.pfb><C:/Users/rnjsa/AppData/Local/Programs/MiKTeX/fonts/type1/public/nanumtype1/nanummjmc1.pfb><C:/Users/rnjsa/AppData/Local/Programs/MiKTeX/fonts/type1/public/nanumtype1/nanummjmc1.pfb><C:/Users/rnjsa/AppData/Local/Programs/MiKTeX/fonts/type1/public/nanumtype1/nanummjmc2.pfb><C:/Users/rnjsa/AppData/Local/Programs/MiKTeX/fonts/type1/public/nanumtype1/nanummjmc2.pfb><C:/Users/rnjsa/AppData/Local/Programs/MiKTeX/fonts/type1/public/nanumtype1/nanummjmc5.pfb><C:/Users/rnjsa/AppData/Local/Programs/MiKTeX/fonts/type1/public/nanumtype1/nanummjmc6.pfb><C:/Users/rnjsa/AppData/Local/Programs/MiKTeX/fonts/type1/public/nanumtype1/nanummjmc6.pfb><C:/Users/rnjsa/AppData/Local/Programs/MiKTeX/fonts/type1/public/nanumtype1/nanummjmc7.pfb><C:/Users/rnjsa/AppData/Local/Programs/MiKTeX/fonts/type1/public/nanumtype1/nanummjmc8.pfb><C:/Users/rnjsa/AppData/Local/Programs/MiKTeX/fonts/type1/public/nanumtype1/nanummjmc8.pfb><C:/Users/rnjsa/AppData/Local/Programs/MiKTeX/fonts/type1/public/nanumtype1/nanummjmc9.pfb><C:/Users/rnjsa/AppData/Local/Programs/MiKTeX/fonts/type1/public/nanumtype1/nanummjmca.pfb><C:/Users/rnjsa/AppData/Local/Programs/MiKTeX/fonts/type1/public/nanumtype1/nanummjmcc.pfb><C:/Users/rnjsa/AppData/Local/Programs/MiKTeX/fonts/type1/public/nanumtype1/nanummjmcd.pfb><C:/Users/rnjsa/AppData/Local/Programs/MiKTeX/fonts/type1/public/nanumtype1/nanummjmce.pfb><C:/Users/rnjsa/AppData/Local/Programs/MiKTeX/fonts/type1/public/nanumtype1/nanummjmcf.pfb><C:/Users/rnjsa/AppData/Local/Programs/MiKTeX/fonts/type1/public/nanumtype1/nanummjmd0.pfb><C:/Users/rnjsa/AppData/Local/Programs/MiKTeX/fonts/type1/public/nanumtype1/nanummjmd1.pfb><C:/Users/rnjsa/AppData/Local/Programs/MiKTeX/fonts/type1/public/nanumtype1/nanummjmd2.pfb><C:/Users/rnjsa/AppData/Local/Programs/MiKTeX/fonts/type1/public/nanumtype1/nanummjmd3.pfb><C:/Users/rnjsa/AppData/Local/Programs/MiKTeX/fonts/type1/public/nanumtype1/nanummjmd4.pfb><C:/Users/rnjsa/AppData/Local/Programs/MiKTeX/fonts/type1/public/nanumtype1/nanummjmd5.pfb><C:/Users/rnjsa/AppData/Local/Programs/MiKTeX/fonts/type1/public/nanumtype1/nanummjmd6.pfb><C:/Users/rnjsa/AppData/Local/Programs/MiKTeX/fonts/type1/uhc/umj/umj03.pfb>
Output written on extrareport.pdf (9 pages, 3063828 bytes).
PDF statistics:
 509 PDF objects out of 1000 (max. 8388607)
 36 named destinations out of 1000 (max. 500000)
 49 words of extra memory for PDF output out of 10000 (max. 10000000)

